ERROR service
Last updated: 2016-09-07T15:42:42+00:00
Last updated: 2016-09-07T15:42:42+00:00
Processing PR: 358 CIR-548 user joins cycle when joining circle if donated enough
Last updated: 2016-09-07T15:48:48+00:00
Last updated: 2016-09-07T15:48:48+00:00
Last updated: 2016-09-07T15:48:48+00:00
Last updated: 2016-09-07T15:48:48+00:00
Last updated: 2016-09-07T15:48:48+00:00
Last updated: 2016-09-07T15:48:48+00:00
Last updated: 2016-09-07T15:48:48+00:00
Last updated: 2016-09-07T15:48:48+00:00
XXX: 
Last updated: 2016-09-07T15:48:48+00:00
XXX: 
Last updated: 2016-09-07T15:33:48+00:00
Last updated: 2016-09-07T15:33:48+00:00
Processing PR: 362 CIR-565 added conditions for showing paragraphs on project detail page
Processing PR: 360 CIR-563 removed check if user is circle member
Processing PR: 359 CIR-325 removed location check from retrieving user profile
Processing PR: 358 CIR-548 user joins cycle when joining circle if donated enough
Processing PR: 355 CIR-561 UI tweaks
Last updated: 2016-09-07T16:05:16+00:00
Processing PR: 362 CIR-565 added conditions for showing paragraphs on project detail page
Processing PR: 355 CIR-561 UI tweaks
Last updated: 2016-09-07T16:05:16+00:00
Processing PR: 362 CIR-565 added conditions for showing paragraphs on project detail page
Processing PR: 355 CIR-561 UI tweaks
Last updated: 2016-09-07T16:05:16+00:00
Processing PR: 364 DO NOT MERGE! - testing at box scripts...
Processing PR: 363 CIR-580 added alternate text when there are no recommended projects; temp styles
Processing PR: 362 CIR-565 added conditions for showing paragraphs on project detail page
Processing PR: 361 CIR-574 changed subtract to diff in moment
Processing PR: 359 CIR-325 removed location check from retrieving user profile
Processing PR: 358 CIR-548 user joins cycle when joining circle if donated enough
Processing PR: 355 CIR-561 UI tweaks
Last updated: 2016-09-08T07:57:47+00:00
Processing PR: 364 DO NOT MERGE! - testing at box scripts...
Processing PR: 363 CIR-580 added alternate text when there are no recommended projects; temp styles
Processing PR: 362 CIR-565 added conditions for showing paragraphs on project detail page
Processing PR: 358 CIR-548 user joins cycle when joining circle if donated enough
Last updated: 2016-09-08T08:39:41+00:00
Processing PR: 365 CIR-571 email template styling
Processing PR: 364 DO NOT MERGE! - testing at box scripts...
Processing PR: 363 CIR-580 added alternate text when there are no recommended projects; temp styles
Processing PR: 362 CIR-565 added conditions for showing paragraphs on project detail page
Processing PR: 359 CIR-325 removed location check from retrieving user profile
Processing PR: 358 CIR-548 user joins cycle when joining circle if donated enough
Processing PR: 351 CIR-566 made org nominate button alive
